====================================
Solar like stars:

HD_9051     01 28 47 -24 20 26  8.92 G7IIIw hd009051_stis_001
HD_37962    05 40 52 -31 21 04  7.85 G2V hd37962_stis_001
HD_38949    05 48 20 -24 27 50  7.80 G1V hd38949_stis_001
HD_106252   12 13 30 +10 02 30  7.36 G0 hd106252_stis_001
HD_159222   17 32 01 +34 16 16  6.56 G1V hd159222_stis_001
HD_185975   20 28 19 -87 28 20  8.10 G3V hd185975_stis_001
HD_200654   21 06 35 -49 57 50  9.11 G hd200654_stis_001
HD_205905   21 39 10 -27 18 24  6.74 G2V hd205905_stis_001
HD209458    22 03 11 +18 53 03  7.65 G0V hd209458_stisnic_004

====================================
Dwarf like stars:

GD50        03 48 50 -00 58 30 14.06 DA2 gd50_004
HZ4         03 55 22 +09 47 18 14.51 DA3.4 hz4_004 "Broad lines"
LB227       04 09 29 +17 07 55 15.32 DA3.2 lb227_004 "Broad lines"
HZ2         04 12 44 +11 51 49 13.88 DA2.3 hz2_005 "Broad lines"
G191B2B     05 05 31 +52 49 54 11.78 DA1 g191b2b_005
LAMBDA_LEP  05 19 35 -13 10 36  4.29 B0.5IV lamlep_stis_001
MU_COL      05 46 00 -32 18 23  5.18 O9.5V mucol_stis_001
GD71        05 52 28 +15 53 17 13.03 DA1 gd71_fos_003
BD+75_325   08 10 50 +74 57 57  9.55 O5p bd_75d325_fos_003
AGK+81_266  09 21 19 +81 43 29 11.94 sdO agk_81d266_stisnic_004
GD108       10 00 48 -07 33 31 13.56 sDB gd108_005
FEIGE34     10 39 37 +43 06 09 11.14 sd0 feige34_005 
HD93521     10 48 24 +37 34 13  6.99 O9Vp hd93521_005
FEIGE34     10 39 37 +43 06 10 11.18 DO feige34_005
HZ21        12 13 56 +32 56 31 14.67 DA hz21_005
FEIGE66     12 37 24 +25 04 00 10.51 sDO feige66_002
FEIGE67     12 41 52 +17 31 20 11.82 sD0 feige67_002
GD153       12 57 03 +22 01 56 13.35 DA1 gd153_stisnic_004
HZ43        13 16 22 +29 05 55 12.66 DA.9 hz43_fos_003
HZ44        13 23 35 +36 08 00 11.67 sdO hz44_005
GRW+70_5824 13 38 52 +70 17 08 12.77 DA3 grw_70d5824_005 "Broad lines"
LDS_749B    21 32 16 +00 15 14 14.67 DB lds749b_005
BD+28_4211  21 51 11 +28 51 52 10.51 Op bd_28d4211_005
G93-48      21 52 26 +02 23 24 12.74 DA3 g93_48_004 "Broad lines"
BD+25_4655  21 59 42 +26 25 58  9.68 O bd_25d4655_002
10_Lac      22 39 16 +39 03 01  4.88 O9V 10lac_stis_001
LTT_9491    23 19 35 -17 05 29 14.11 DB3 ltt9491_002
FEIGE110    23 19 59 -05 09 56 11.83 D0p feige110_005

====================================
Vega like stars:

HD_14943    02 22 55 -51 05 32  5.91 A5V hd14943_stis_001
KSI2_CETI   02 28 10 +08 27 36  4.30 B9III ksi2ceti_stis_001
C26202      03 32 33 -27 51 49 16.64 F8IV c26202_stisnic_004
HIP_19797   04 14 36 +22 21 04  9.23 F2 bd21d0607_stis_001
HD_31128    04 52 10 -27 03 51  9.14 F4Vw hd031128_stis_001
HD_37725    05 41 54 +29 17 51  8.31 A3 hd37725_stis_001
HD_60753    07 33 27 -50 35 03  6.68 B3IV hd60753_stis_001
HIP_40778   08 19 23 +54 05 10  9.76 sdF6 bd54d1216_stis_001
HD_74000    08 40 51 -16 20 43  9.66 sdF6 hd074000_stis_001
HIP_52771   10 47 23 +28 23 56 10.22 F5 bd29d2091_stis_001
HD_111980   12 53 15 -18 31 20  8.38 F7V hd111980_stis_001
HD_116405   13 22 45 +44 42 54  8.34 A0V hd116405_stis_001
HIP_72461   14 49 02 +25 42 09  9.73 A5 bd26d2606_stis_001
BD+33_2642  15 52 00 +32 56 55 10.83 B2IV bd_33d2642_004
BD-17_4708  17 06 11 -17 27 54 10.29 B bd_17d4708_stisnic_004
1732526     17 32 52 +71 04 43 12.53 A4V 1732526_stisnic_001
BD+60_1753  17 24 52 +60 25 51  9.65 A0 bd60d1753_stis_001
hd158485    17 26 05 +58 39 07  6.50 A4V hd158485_stis_001
HIP_86443   17 39 46 +02 24 59  9.92 A5 bd02d3375_stis_001
1740346     17 40 35 +65 27 15 12.48 A6V 1740346_stisnic_001
HD_160617   17 42 49 -40 19 16  8.73 Fw hd160617_stis_001
1743045     17 43 04 +66 55 01 13.52 A8III 1743045_stisnic_001
HD_163466   17 52 25 +60 23 47  6.85 A2 hd163466_stis_001
1757132     17 57 13 +67 03 41 12.01 A3V 1757132_stis_001
1802271     18 02 27 +60 43 35 11.98 A2V 1802271_stisnic_001
HD_165459   18 02 31 +58 37 38  6.86 A2 hd165459_stisnic_001
1805292     18 05 29 +64 27 57 12.28 A4V 1805292_stisnic_001
1808347     18 08 35 +69 27 29 11.69 A3V 1808347_stis_001
1812095     18 12 10 +63 29 42 11.74 A5V 1812095_stisnic_001
Vega        18 36 56 +38 47 01  0.03 A0V alpha_lyr_stis_006
HD_180609   19 12 48 +64 10 37  9.42 F hd180609_stis_001
BD+17_4708  22 11 31 +18 05 34  9.47 sfF8 bd_17d4708_stisnic_004
